<?xml version="1.0" encoding="UTF-8"?>
<!-- Generated by org.testng.reporters.JUnitReportReporter -->
<testsuite skipped="0" hostname="DERIW50Z0019" name="com.basicAPI.JSONParsing" tests="1" failures="0" timestamp="13 Apr 2018 11:27:49 GMT" time="2.711" errors="0">
  <testcase name="ParsingJson" time="2.711" classname="com.basicAPI.JSONParsing"/>
</testsuite> <!-- com.basicAPI.JSONParsing -->
