<?xml version="1.0" encoding="UTF-8"?>
<!-- Generated by org.testng.reporters.JUnitReportReporter -->
<testsuite skipped="0" hostname="DERIW50Z0019" name="com.Multiplayer.TokenGenerator" tests="1" failures="0" timestamp="19 Apr 2018 11:13:29 GMT" time="3.146" errors="0">
  <testcase name="doLogin" time="3.146" classname="com.Multiplayer.TokenGenerator"/>
</testsuite> <!-- com.Multiplayer.TokenGenerator -->
