<?xml version="1.0" encoding="UTF-8"?>
<!-- Generated by org.testng.reporters.JUnitReportReporter -->
<testsuite skipped="0" hostname="DERIW50Z0019" name="com.basicAPI.PostRequest" tests="1" failures="0" timestamp="13 Apr 2018 06:34:25 GMT" time="3.118" errors="0">
  <testcase name="verifyResponse" time="3.118" classname="com.basicAPI.PostRequest"/>
</testsuite> <!-- com.basicAPI.PostRequest -->
