<?xml version="1.0" encoding="UTF-8"?>
<!-- Generated by org.testng.reporters.JUnitReportReporter -->
<testsuite skipped="0" hostname="DERIW50Z0019" name="com.basicAPI.GetResponseValidate$ValidateResponse" tests="1" failures="1" timestamp="13 Apr 2018 06:36:56 GMT" time="2.481" errors="0">
  <testcase name="verifyResponse" time="2.481" classname="com.basicAPI.GetResponseValidate$ValidateResponse">
    <failure type="java.lang.AssertionError" message="1 expectation failed.
Expected header &quot;server&quot; was not &quot;pablo&quot;, was &quot;scaffolding on HTTPServer2&quot;. Headers are:
Content-Type=application/json; charset=UTF-8
Date=Fri, 13 Apr 2018 06:39:21 GMT
Expires=Fri, 13 Apr 2018 06:44:21 GMT
Cache-Control=public, max-age=300
Vary=Accept-Language
Content-Encoding=gzip
Server=scaffolding on HTTPServer2
Content-Length=10165
X-XSS-Protection=1; mode=block
X-Frame-Options=SAMEORIGIN
Alt-Svc=hq=&quot;:443&quot;; ma=2592000; quic=51303432; quic=51303431; quic=51303339; quic=51303335,quic=&quot;:443&quot;; ma=2592000; v=&quot;42,41,39,35&quot;
">
      <![CDATA[java.lang.AssertionError: 1 expectation failed.
Expected header "server" was not "pablo", was "scaffolding on HTTPServer2". Headers are:
Content-Type=application/json; charset=UTF-8
Date=Fri, 13 Apr 2018 06:39:21 GMT
Expires=Fri, 13 Apr 2018 06:44:21 GMT
Cache-Control=public, max-age=300
Vary=Accept-Language
Content-Encoding=gzip
Server=scaffolding on HTTPServer2
Content-Length=10165
X-XSS-Protection=1; mode=block
X-Frame-Options=SAMEORIGIN
Alt-Svc=hq=":443"; ma=2592000; quic=51303432; quic=51303431; quic=51303339; quic=51303335,quic=":443"; ma=2592000; v="42,41,39,35"

at sun.reflect.NativeConstructorAccessorImpl.newInstance0(Native Method)
at sun.reflect.NativeConstructorAccessorImpl.newInstance(Unknown Source)
at sun.reflect.DelegatingConstructorAccessorImpl.newInstance(Unknown Source)
at java.lang.reflect.Constructor.newInstance(Unknown Source)
at org.codehaus.groovy.reflection.CachedConstructor.invoke(CachedConstructor.java:83)
at org.codehaus.groovy.reflection.CachedConstructor.doConstructorInvoke(CachedConstructor.java:77)
at org.codehaus.groovy.runtime.callsite.ConstructorSite$ConstructorSiteNoUnwrap.callConstructor(ConstructorSite.java:84)
at org.codehaus.groovy.runtime.callsite.CallSiteArray.defaultCallConstructor(CallSiteArray.java:60)
at org.codehaus.groovy.runtime.callsite.AbstractCallSite.callConstructor(AbstractCallSite.java:235)
at org.codehaus.groovy.runtime.callsite.AbstractCallSite.callConstructor(AbstractCallSite.java:247)
at io.restassured.internal.ResponseSpecificationImpl$HamcrestAssertionClosure.validate(ResponseSpecificationImpl.groovy:482)
at io.restassured.internal.ResponseSpecificationImpl$HamcrestAssertionClosure$validate$1.call(Unknown Source)
at io.restassured.internal.ResponseSpecificationImpl.validateResponseIfRequired(ResponseSpecificationImpl.groovy:654)
at sun.reflect.NativeMethodAccessorImpl.invoke0(Native Method)
at sun.reflect.NativeMethodAccessorImpl.invoke(Unknown Source)
at sun.reflect.DelegatingMethodAccessorImpl.invoke(Unknown Source)
at java.lang.reflect.Method.invoke(Unknown Source)
at org.codehaus.groovy.runtime.callsite.PogoMetaMethodSite$PogoCachedMethodSiteNoUnwrapNoCoerce.invoke(PogoMetaMethodSite.java:210)
at org.codehaus.groovy.runtime.callsite.PogoMetaMethodSite.callCurrent(PogoMetaMethodSite.java:59)
at org.codehaus.groovy.runtime.callsite.CallSiteArray.defaultCallCurrent(CallSiteArray.java:52)
at org.codehaus.groovy.runtime.callsite.AbstractCallSite.callCurrent(AbstractCallSite.java:154)
at org.codehaus.groovy.runtime.callsite.AbstractCallSite.callCurrent(AbstractCallSite.java:166)
at io.restassured.internal.ResponseSpecificationImpl.header(ResponseSpecificationImpl.groovy:179)
at io.restassured.specification.ResponseSpecification$header$2.callCurrent(Unknown Source)
at org.codehaus.groovy.runtime.callsite.CallSiteArray.defaultCallCurrent(CallSiteArray.java:52)
at org.codehaus.groovy.runtime.callsite.AbstractCallSite.callCurrent(AbstractCallSite.java:154)
at org.codehaus.groovy.runtime.callsite.AbstractCallSite.callCurrent(AbstractCallSite.java:174)
at io.restassured.internal.ResponseSpecificationImpl.header(ResponseSpecificationImpl.groovy:186)
at io.restassured.internal.ValidatableResponseOptionsImpl.header(ValidatableResponseOptionsImpl.java:154)
at com.basicAPI.GetResponseValidate$ValidateResponse.verifyResponse(GetResponseValidate.java:36)
at sun.reflect.NativeMethodAccessorImpl.invoke0(Native Method)
at sun.reflect.NativeMethodAccessorImpl.invoke(Unknown Source)
at sun.reflect.DelegatingMethodAccessorImpl.invoke(Unknown Source)
at java.lang.reflect.Method.invoke(Unknown Source)
at org.testng.internal.MethodInvocationHelper.invokeMethod(MethodInvocationHelper.java:124)
at org.testng.internal.Invoker.invokeMethod(Invoker.java:580)
at org.testng.internal.Invoker.invokeTestMethod(Invoker.java:716)
at org.testng.internal.Invoker.invokeTestMethods(Invoker.java:988)
at org.testng.internal.TestMethodWorker.invokeTestMethods(TestMethodWorker.java:125)
at org.testng.internal.TestMethodWorker.run(TestMethodWorker.java:109)
at org.testng.TestRunner.privateRun(TestRunner.java:648)
at org.testng.TestRunner.run(TestRunner.java:505)
at org.testng.SuiteRunner.runTest(SuiteRunner.java:455)
at org.testng.SuiteRunner.runSequentially(SuiteRunner.java:450)
at org.testng.SuiteRunner.privateRun(SuiteRunner.java:415)
at org.testng.SuiteRunner.run(SuiteRunner.java:364)
at org.testng.SuiteRunnerWorker.runSuite(SuiteRunnerWorker.java:52)
at org.testng.SuiteRunnerWorker.run(SuiteRunnerWorker.java:84)
at org.testng.TestNG.runSuitesSequentially(TestNG.java:1208)
at org.testng.TestNG.runSuitesLocally(TestNG.java:1137)
at org.testng.TestNG.runSuites(TestNG.java:1049)
at org.testng.TestNG.run(TestNG.java:1017)
at org.testng.remote.AbstractRemoteTestNG.run(AbstractRemoteTestNG.java:132)
at org.testng.remote.RemoteTestNG.initAndRun(RemoteTestNG.java:230)
at org.testng.remote.RemoteTestNG.main(RemoteTestNG.java:76)
]]>
    </failure>
  </testcase> <!-- verifyResponse -->
</testsuite> <!-- com.basicAPI.GetResponseValidate$ValidateResponse -->
