<?xml version="1.0" encoding="UTF-8"?>
<!-- Generated by org.testng.reporters.JUnitReportReporter -->
<testsuite skipped="0" hostname="DESKTOP-UOJ0NJ2" name="com.JiraIssue.ParsingJSON" tests="1" failures="0" timestamp="08 Apr 2018 11:04:44 GMT" time="7.303" errors="0">
  <testcase name="verifyResponse" time="7.303" classname="com.JiraIssue.ParsingJSON"/>
</testsuite> <!-- com.JiraIssue.ParsingJSON -->
