<?xml version="1.0" encoding="UTF-8"?>
<!-- Generated by org.testng.reporters.JUnitReportReporter -->
<testsuite skipped="0" hostname="DESKTOP-UOJ0NJ2" name="com.TestCases.JiraAPI" tests="1" failures="0" timestamp="08 Apr 2018 18:01:45 GMT" time="5.705" errors="0">
  <testcase name="doLogin" time="5.705" classname="com.TestCases.JiraAPI"/>
</testsuite> <!-- com.TestCases.JiraAPI -->
