<?xml version="1.0" encoding="UTF-8"?>
<!-- Generated by org.testng.reporters.JUnitReportReporter -->
<testsuite skipped="0" hostname="DERIW50Z0019" name="com.basicAPI.PostResponseValidation" tests="1" failures="0" timestamp="13 Apr 2018 07:00:35 GMT" time="2.511" errors="0">
  <testcase name="verifyResponse" time="2.511" classname="com.basicAPI.PostResponseValidation"/>
</testsuite> <!-- com.basicAPI.PostResponseValidation -->
